[2220158]Debug
[2220158]Debug
[2220158]Debug
[2220158]Debug
[2220158]Debug
[2220158]Debug
[2220158]Debug
[2220158]Debug
[2220158]Debug
[2220158]Debug
[2220158]Debug
[2220158]Debug
[2220158]Debug
[2220158]Debug
[2220158]Debug
[2220158]Debug
[2220158]Debug
[2220158]Debug
[2220158]Debug
[2220158]Debug
[2220158]Debug
[2220158]Debug
[2220158]Debug
[2220158]Debug
[2220158]Debug
[2220158]Debug
[2220158]Debug
[2220158]Debug
[2220158]Debug
[2220158]Debug
[2220158]Debug
[2220158]Debug
[2220158]Debug
[2220158]Debug
[2220158]Debug
[2220158]Debug
[2220158]Debug
[2220158]Debug
[2220158]Debug
[2220158]Debug
[2220158]Debug
[2220158]Debug
[2220158]Debug
[2220158]Debug
[2220158]Debug
[2220158]Debug
[2220158]Debug
[2220158]Debug
[2220158]Debug
[2220158]Debug
[2220158]Debug
[2220158]Debug
[2220158]Debug
[2220158]Debug
[2220158]Debug
[2220158]Debug
[2220158]Debug
[2220158]Debug
[2220158]Debug
[2220158]Debug
[2220158]Debug
[2220158]Debug
[2220158]Debug
[2220158]Debug
[2220158]Debug
[2220158]Debug
[2220158]Debug
[2220158]Debug
[2220158]Debug
[2220158]Debug
[2220158]Debug
[2220158]Debug
[2220158]Debug
[2220158]Debug
[2220158]Debug
[2220158]Debug
[2220158]Debug
[2220158]Debug
[2220158]Debug
[2220158]Debug
[2220158]Debug
[2220158]Debug
[2220158]Debug
[2220158]Debug
[2220158]Debug
[2220158]Debug
[2220158]Debug
[2220158]Debug
[2220158]Debug
[2220158]Debug
[2220158]Debug
[2220158]Debug
[2220158]Debug
[2220158]Debug
[2220158]Debug
[2220158]Debug
[2220158]Debug
[2220158]Debug
[2220158]Debug
[2220158]Debug
[2220158]Debug
[2220158]Debug
[2220158]Debug
[2220158]Debug
[2220158]Debug
[2220158]Debug
[2220158]Debug
[2220158]Debug
[2220158]Debug
[2220158]Debug
[2220158]Debug
[2220158]Debug
[2220158]Debug
[2220158]Debug
[2220158]Debug
[2220158]Debug
[2220158]Debug
[2220158]Debug
[2220158]Debug
[2220158]Debug
[2220158]Debug
[2220158]Debug
[2220158]Debug
[2220158]Debug
[2220158]Debug
[2220158]Debug
[2220158]Debug
[2220158]Debug
[2220158]Debug
[2220158]Debug
[2220158]Debug
[2220158]Debug
[2220158]Debug
[2220158]Debug
[2220158]Debug
[2220158]Debug
[2220158]Debug
[2220158]Debug
[2220158]Debug
[2220158]Debug
[2220110]Debug
[2220110]Debug
[2220110]Debug
[2220110]Debug
[2220110]Debug
[2220110]Debug
[2220110]Debug
[2220110]Debug
[2220110]Debug
[2220110]Debug
[2220110]Debug
[2220110]Debug
[2220110]Debug
[2220110]Debug
[2220110]Debug
[2220110]Debug
[2220110]Debug
[2220110]Debug
[2220110]Debug
[2220110]Debug
[2220110]Debug
[2220110]Debug
[2220110]Debug
[2220110]Debug
[2220110]Debug
[2220110]Debug
[2220110]Debug
[2220110]Debug
[2220110]Debug
[2220110]Debug
[2220110]Debug
[2220110]Debug
[2220110]Release
[2220110]Debug
[2220110]Release
[2220110]Release
[2220110]Release
[2220110]Release
